Performing C++ SOURCE FILE Test CMAKE_HAVE_LIBC_PTHREAD failed with the following output:
Change Dir: /home/misha/CourseProject/restAPI/build/CMakeFiles/CMakeTmp

Run Build Command(s):/usr/bin/make cmTC_e7cc6/fast && /usr/bin/make -f CMakeFiles/cmTC_e7cc6.dir/build.make CMakeFiles/cmTC_e7cc6.dir/build
make[1]: вход в каталог «/home/misha/CourseProject/restAPI/build/CMakeFiles/CMakeTmp»
Building CXX object CMakeFiles/cmTC_e7cc6.dir/src.cxx.o
/usr/bin/c++    -DCMAKE_HAVE_LIBC_PTHREAD   -std=gnu++11 -o CMakeFiles/cmTC_e7cc6.dir/src.cxx.o -c /home/misha/CourseProject/restAPI/build/CMakeFiles/CMakeTmp/src.cxx
Linking CXX executable cmTC_e7cc6
/usr/bin/cmake -E cmake_link_script CMakeFiles/cmTC_e7cc6.dir/link.txt --verbose=1
/usr/bin/c++   -DCMAKE_HAVE_LIBC_PTHREAD    CMakeFiles/cmTC_e7cc6.dir/src.cxx.o  -o cmTC_e7cc6 
/usr/bin/ld: CMakeFiles/cmTC_e7cc6.dir/src.cxx.o: в функции «main»:
src.cxx:(.text+0x46): неопределённая ссылка на «pthread_create»
/usr/bin/ld: src.cxx:(.text+0x52): неопределённая ссылка на «pthread_detach»
/usr/bin/ld: src.cxx:(.text+0x63): неопределённая ссылка на «pthread_join»
collect2: error: ld returned 1 exit status
make[1]: *** [CMakeFiles/cmTC_e7cc6.dir/build.make:87: cmTC_e7cc6] Ошибка 1
make[1]: выход из каталога «/home/misha/CourseProject/restAPI/build/CMakeFiles/CMakeTmp»
make: *** [Makefile:121: cmTC_e7cc6/fast] Ошибка 2


Source file was:
#include <pthread.h>

void* test_func(void* data)
{
  return data;
}

int main(void)
{
  pthread_t thread;
  pthread_create(&thread, NULL, test_func, NULL);
  pthread_detach(thread);
  pthread_join(thread, NULL);
  pthread_atfork(NULL, NULL, NULL);
  pthread_exit(NULL);

  return 0;
}

Determining if the function pthread_create exists in the pthreads failed with the following output:
Change Dir: /home/misha/CourseProject/restAPI/build/CMakeFiles/CMakeTmp

Run Build Command(s):/usr/bin/make cmTC_ad598/fast && /usr/bin/make -f CMakeFiles/cmTC_ad598.dir/build.make CMakeFiles/cmTC_ad598.dir/build
make[1]: вход в каталог «/home/misha/CourseProject/restAPI/build/CMakeFiles/CMakeTmp»
Building CXX object CMakeFiles/cmTC_ad598.dir/CheckFunctionExists.cxx.o
/usr/bin/c++    -DCHECK_FUNCTION_EXISTS=pthread_create   -std=gnu++11 -o CMakeFiles/cmTC_ad598.dir/CheckFunctionExists.cxx.o -c /home/misha/CourseProject/restAPI/build/CMakeFiles/CheckLibraryExists/CheckFunctionExists.cxx
Linking CXX executable cmTC_ad598
/usr/bin/cmake -E cmake_link_script CMakeFiles/cmTC_ad598.dir/link.txt --verbose=1
/usr/bin/c++   -DCHECK_FUNCTION_EXISTS=pthread_create    CMakeFiles/cmTC_ad598.dir/CheckFunctionExists.cxx.o  -o cmTC_ad598  -lpthreads 
/usr/bin/ld: невозможно найти -lpthreads
collect2: error: ld returned 1 exit status
make[1]: *** [CMakeFiles/cmTC_ad598.dir/build.make:87: cmTC_ad598] Ошибка 1
make[1]: выход из каталога «/home/misha/CourseProject/restAPI/build/CMakeFiles/CMakeTmp»
make: *** [Makefile:121: cmTC_ad598/fast] Ошибка 2



